[03-Sep-2017 12:53:57 UTC] PHP Fatal error:  Call to undefined method Symfony\Component\Form\FormBuilder::sub() in /home/ubuntu/workspace/address-book/src/AppBundle/Form/RegistrationFormType.php on line 12
[03-Sep-2017 12:53:57 UTC] PHP Stack trace:
[03-Sep-2017 12:53:57 UTC] PHP   1. {main}() /home/ubuntu/workspace/address-book/web/app_dev.php:0
[03-Sep-2017 12:53:57 UTC] PHP   2. Symfony\Component\HttpKernel\Kernel->handle() /home/ubuntu/workspace/address-book/web/app_dev.php:29
[03-Sep-2017 12:53:57 UTC] PHP   3. Symfony\Component\HttpKernel\HttpKernel->handle() /home/ubuntu/workspace/address-book/vendor/symfony/symfony/src/Symfony/Component/HttpKernel/Kernel.php:171
[03-Sep-2017 12:53:57 UTC] PHP   4. Symfony\Component\HttpKernel\HttpKernel->handleRaw() /home/ubuntu/workspace/address-book/var/cache/dev/classes.php:4408
[03-Sep-2017 12:53:57 UTC] PHP   5. call_user_func_array:{/home/ubuntu/workspace/address-book/var/cache/dev/classes.php:4453}() /home/ubuntu/workspace/address-book/var/cache/dev/classes.php:4453
[03-Sep-2017 12:53:57 UTC] PHP   6. FOS\UserBundle\Controller\RegistrationController->registerAction() /home/ubuntu/workspace/address-book/var/cache/dev/classes.php:4453
[03-Sep-2017 12:53:57 UTC] PHP   7. FOS\UserBundle\Form\Factory\FormFactory->createForm() /home/ubuntu/workspace/address-book/vendor/friendsofsymfony/user-bundle/Controller/RegistrationController.php:61
[03-Sep-2017 12:53:57 UTC] PHP   8. Symfony\Component\Form\FormFactory->createNamed() /home/ubuntu/workspace/address-book/vendor/friendsofsymfony/user-bundle/Form/Factory/FormFactory.php:61
[03-Sep-2017 12:53:57 UTC] PHP   9. Symfony\Component\Form\FormFactory->createNamedBuilder() /home/ubuntu/workspace/address-book/vendor/symfony/symfony/src/Symfony/Component/Form/FormFactory.php:38
[03-Sep-2017 12:53:57 UTC] PHP  10. Symfony\Component\Form\Extension\DataCollector\Proxy\ResolvedTypeDataCollectorProxy->buildForm() /home/ubuntu/workspace/address-book/vendor/symfony/symfony/src/Symfony/Component/Form/FormFactory.php:80
[03-Sep-2017 12:53:57 UTC] PHP  11. Symfony\Component\Form\ResolvedFormType->buildForm() /home/ubuntu/workspace/address-book/vendor/symfony/symfony/src/Symfony/Component/Form/Extension/DataCollector/Proxy/ResolvedTypeDataCollectorProxy.php:102
[03-Sep-2017 12:53:57 UTC] PHP  12. AppBundle\Form\RegistrationFormType->buildForm() /home/ubuntu/workspace/address-book/vendor/symfony/symfony/src/Symfony/Component/Form/ResolvedFormType.php:126
[03-Sep-2017 12:54:04 UTC] PHP Fatal error:  Call to undefined method Symfony\Component\Form\FormBuilder::sub() in /home/ubuntu/workspace/address-book/src/AppBundle/Form/RegistrationFormType.php on line 12
[03-Sep-2017 12:54:04 UTC] PHP Stack trace:
[03-Sep-2017 12:54:04 UTC] PHP   1. {main}() /home/ubuntu/workspace/address-book/web/app_dev.php:0
[03-Sep-2017 12:54:04 UTC] PHP   2. Symfony\Component\HttpKernel\Kernel->handle() /home/ubuntu/workspace/address-book/web/app_dev.php:29
[03-Sep-2017 12:54:04 UTC] PHP   3. Symfony\Component\HttpKernel\HttpKernel->handle() /home/ubuntu/workspace/address-book/vendor/symfony/symfony/src/Symfony/Component/HttpKernel/Kernel.php:171
[03-Sep-2017 12:54:04 UTC] PHP   4. Symfony\Component\HttpKernel\HttpKernel->handleRaw() /home/ubuntu/workspace/address-book/var/cache/dev/classes.php:4408
[03-Sep-2017 12:54:04 UTC] PHP   5. call_user_func_array:{/home/ubuntu/workspace/address-book/var/cache/dev/classes.php:4453}() /home/ubuntu/workspace/address-book/var/cache/dev/classes.php:4453
[03-Sep-2017 12:54:04 UTC] PHP   6. FOS\UserBundle\Controller\RegistrationController->registerAction() /home/ubuntu/workspace/address-book/var/cache/dev/classes.php:4453
[03-Sep-2017 12:54:04 UTC] PHP   7. FOS\UserBundle\Form\Factory\FormFactory->createForm() /home/ubuntu/workspace/address-book/vendor/friendsofsymfony/user-bundle/Controller/RegistrationController.php:61
[03-Sep-2017 12:54:04 UTC] PHP   8. Symfony\Component\Form\FormFactory->createNamed() /home/ubuntu/workspace/address-book/vendor/friendsofsymfony/user-bundle/Form/Factory/FormFactory.php:61
[03-Sep-2017 12:54:04 UTC] PHP   9. Symfony\Component\Form\FormFactory->createNamedBuilder() /home/ubuntu/workspace/address-book/vendor/symfony/symfony/src/Symfony/Component/Form/FormFactory.php:38
[03-Sep-2017 12:54:04 UTC] PHP  10. Symfony\Component\Form\Extension\DataCollector\Proxy\ResolvedTypeDataCollectorProxy->buildForm() /home/ubuntu/workspace/address-book/vendor/symfony/symfony/src/Symfony/Component/Form/FormFactory.php:80
[03-Sep-2017 12:54:04 UTC] PHP  11. Symfony\Component\Form\ResolvedFormType->buildForm() /home/ubuntu/workspace/address-book/vendor/symfony/symfony/src/Symfony/Component/Form/Extension/DataCollector/Proxy/ResolvedTypeDataCollectorProxy.php:102
[03-Sep-2017 12:54:04 UTC] PHP  12. AppBundle\Form\RegistrationFormType->buildForm() /home/ubuntu/workspace/address-book/vendor/symfony/symfony/src/Symfony/Component/Form/ResolvedFormType.php:126
[03-Sep-2017 12:54:27 UTC] PHP Fatal error:  Call to undefined method Symfony\Component\Form\FormBuilder::sub() in /home/ubuntu/workspace/address-book/src/AppBundle/Form/RegistrationFormType.php on line 12
[03-Sep-2017 12:54:27 UTC] PHP Stack trace:
[03-Sep-2017 12:54:27 UTC] PHP   1. {main}() /home/ubuntu/workspace/address-book/web/app_dev.php:0
[03-Sep-2017 12:54:27 UTC] PHP   2. Symfony\Component\HttpKernel\Kernel->handle() /home/ubuntu/workspace/address-book/web/app_dev.php:29
[03-Sep-2017 12:54:27 UTC] PHP   3. Symfony\Component\HttpKernel\HttpKernel->handle() /home/ubuntu/workspace/address-book/vendor/symfony/symfony/src/Symfony/Component/HttpKernel/Kernel.php:171
[03-Sep-2017 12:54:27 UTC] PHP   4. Symfony\Component\HttpKernel\HttpKernel->handleRaw() /home/ubuntu/workspace/address-book/var/cache/dev/classes.php:4408
[03-Sep-2017 12:54:27 UTC] PHP   5. call_user_func_array:{/home/ubuntu/workspace/address-book/var/cache/dev/classes.php:4453}() /home/ubuntu/workspace/address-book/var/cache/dev/classes.php:4453
[03-Sep-2017 12:54:27 UTC] PHP   6. FOS\UserBundle\Controller\RegistrationController->registerAction() /home/ubuntu/workspace/address-book/var/cache/dev/classes.php:4453
[03-Sep-2017 12:54:27 UTC] PHP   7. FOS\UserBundle\Form\Factory\FormFactory->createForm() /home/ubuntu/workspace/address-book/vendor/friendsofsymfony/user-bundle/Controller/RegistrationController.php:61
[03-Sep-2017 12:54:27 UTC] PHP   8. Symfony\Component\Form\FormFactory->createNamed() /home/ubuntu/workspace/address-book/vendor/friendsofsymfony/user-bundle/Form/Factory/FormFactory.php:61
[03-Sep-2017 12:54:27 UTC] PHP   9. Symfony\Component\Form\FormFactory->createNamedBuilder() /home/ubuntu/workspace/address-book/vendor/symfony/symfony/src/Symfony/Component/Form/FormFactory.php:38
[03-Sep-2017 12:54:27 UTC] PHP  10. Symfony\Component\Form\Extension\DataCollector\Proxy\ResolvedTypeDataCollectorProxy->buildForm() /home/ubuntu/workspace/address-book/vendor/symfony/symfony/src/Symfony/Component/Form/FormFactory.php:80
[03-Sep-2017 12:54:27 UTC] PHP  11. Symfony\Component\Form\ResolvedFormType->buildForm() /home/ubuntu/workspace/address-book/vendor/symfony/symfony/src/Symfony/Component/Form/Extension/DataCollector/Proxy/ResolvedTypeDataCollectorProxy.php:102
[03-Sep-2017 12:54:27 UTC] PHP  12. AppBundle\Form\RegistrationFormType->buildForm() /home/ubuntu/workspace/address-book/vendor/symfony/symfony/src/Symfony/Component/Form/ResolvedFormType.php:126
[03-Sep-2017 19:26:47 UTC] PHP Fatal error:  Class 'AppBundle\Controller\RedirectResponse' not found in /home/ubuntu/workspace/address-book/src/AppBundle/Controller/DefaultController.php on line 17
[03-Sep-2017 19:26:47 UTC] PHP Stack trace:
[03-Sep-2017 19:26:47 UTC] PHP   1. {main}() /home/ubuntu/workspace/address-book/web/app_dev.php:0
[03-Sep-2017 19:26:47 UTC] PHP   2. Symfony\Component\HttpKernel\Kernel->handle() /home/ubuntu/workspace/address-book/web/app_dev.php:29
[03-Sep-2017 19:26:47 UTC] PHP   3. Symfony\Component\HttpKernel\HttpKernel->handle() /home/ubuntu/workspace/address-book/vendor/symfony/symfony/src/Symfony/Component/HttpKernel/Kernel.php:171
[03-Sep-2017 19:26:47 UTC] PHP   4. Symfony\Component\HttpKernel\HttpKernel->handleRaw() /home/ubuntu/workspace/address-book/var/cache/dev/classes.php:4408
[03-Sep-2017 19:26:47 UTC] PHP   5. call_user_func_array:{/home/ubuntu/workspace/address-book/var/cache/dev/classes.php:4453}() /home/ubuntu/workspace/address-book/var/cache/dev/classes.php:4453
[03-Sep-2017 19:26:47 UTC] PHP   6. AppBundle\Controller\DefaultController->indexAction() /home/ubuntu/workspace/address-book/var/cache/dev/classes.php:4453
[03-Sep-2017 19:29:47 UTC] PHP Fatal error:  Class 'AppBundle\Controller\RedirectResponse' not found in /home/ubuntu/workspace/address-book/src/AppBundle/Controller/DefaultController.php on line 17
[03-Sep-2017 19:29:47 UTC] PHP Stack trace:
[03-Sep-2017 19:29:47 UTC] PHP   1. {main}() /home/ubuntu/workspace/address-book/web/app_dev.php:0
[03-Sep-2017 19:29:47 UTC] PHP   2. Symfony\Component\HttpKernel\Kernel->handle() /home/ubuntu/workspace/address-book/web/app_dev.php:29
[03-Sep-2017 19:29:47 UTC] PHP   3. Symfony\Component\HttpKernel\HttpKernel->handle() /home/ubuntu/workspace/address-book/vendor/symfony/symfony/src/Symfony/Component/HttpKernel/Kernel.php:171
[03-Sep-2017 19:29:47 UTC] PHP   4. Symfony\Component\HttpKernel\HttpKernel->handleRaw() /home/ubuntu/workspace/address-book/var/cache/dev/classes.php:4408
[03-Sep-2017 19:29:47 UTC] PHP   5. call_user_func_array:{/home/ubuntu/workspace/address-book/var/cache/dev/classes.php:4453}() /home/ubuntu/workspace/address-book/var/cache/dev/classes.php:4453
[03-Sep-2017 19:29:47 UTC] PHP   6. AppBundle\Controller\DefaultController->indexAction() /home/ubuntu/workspace/address-book/var/cache/dev/classes.php:4453
[03-Sep-2017 19:29:56 UTC] PHP Fatal error:  Class 'AppBundle\Controller\RedirectResponse' not found in /home/ubuntu/workspace/address-book/src/AppBundle/Controller/DefaultController.php on line 17
[03-Sep-2017 19:29:56 UTC] PHP Stack trace:
[03-Sep-2017 19:29:56 UTC] PHP   1. {main}() /home/ubuntu/workspace/address-book/web/app_dev.php:0
[03-Sep-2017 19:29:56 UTC] PHP   2. Symfony\Component\HttpKernel\Kernel->handle() /home/ubuntu/workspace/address-book/web/app_dev.php:29
[03-Sep-2017 19:29:56 UTC] PHP   3. Symfony\Component\HttpKernel\HttpKernel->handle() /home/ubuntu/workspace/address-book/vendor/symfony/symfony/src/Symfony/Component/HttpKernel/Kernel.php:171
[03-Sep-2017 19:29:56 UTC] PHP   4. Symfony\Component\HttpKernel\HttpKernel->handleRaw() /home/ubuntu/workspace/address-book/var/cache/dev/classes.php:4408
[03-Sep-2017 19:29:56 UTC] PHP   5. call_user_func_array:{/home/ubuntu/workspace/address-book/var/cache/dev/classes.php:4453}() /home/ubuntu/workspace/address-book/var/cache/dev/classes.php:4453
[03-Sep-2017 19:29:56 UTC] PHP   6. AppBundle\Controller\DefaultController->indexAction() /home/ubuntu/workspace/address-book/var/cache/dev/classes.php:4453
[03-Sep-2017 19:30:22 UTC] PHP Fatal error:  Class 'AppBundle\Controller\RedirectResponse' not found in /home/ubuntu/workspace/address-book/src/AppBundle/Controller/DefaultController.php on line 17
[03-Sep-2017 19:30:22 UTC] PHP Stack trace:
[03-Sep-2017 19:30:22 UTC] PHP   1. {main}() /home/ubuntu/workspace/address-book/web/app_dev.php:0
[03-Sep-2017 19:30:22 UTC] PHP   2. Symfony\Component\HttpKernel\Kernel->handle() /home/ubuntu/workspace/address-book/web/app_dev.php:29
[03-Sep-2017 19:30:22 UTC] PHP   3. Symfony\Component\HttpKernel\HttpKernel->handle() /home/ubuntu/workspace/address-book/vendor/symfony/symfony/src/Symfony/Component/HttpKernel/Kernel.php:171
[03-Sep-2017 19:30:22 UTC] PHP   4. Symfony\Component\HttpKernel\HttpKernel->handleRaw() /home/ubuntu/workspace/address-book/var/cache/dev/classes.php:4408
[03-Sep-2017 19:30:22 UTC] PHP   5. call_user_func_array:{/home/ubuntu/workspace/address-book/var/cache/dev/classes.php:4453}() /home/ubuntu/workspace/address-book/var/cache/dev/classes.php:4453
[03-Sep-2017 19:30:22 UTC] PHP   6. AppBundle\Controller\DefaultController->indexAction() /home/ubuntu/workspace/address-book/var/cache/dev/classes.php:4453
[03-Sep-2017 19:36:49 UTC] PHP Fatal error:  Call to undefined method Symfony\Component\HttpFoundation\Session\Session::getFlashbang() in /home/ubuntu/workspace/address-book/src/AppBundle/Controller/DefaultController.php on line 18
[03-Sep-2017 19:36:49 UTC] PHP Stack trace:
[03-Sep-2017 19:36:49 UTC] PHP   1. {main}() /home/ubuntu/workspace/address-book/web/app_dev.php:0
[03-Sep-2017 19:36:49 UTC] PHP   2. Symfony\Component\HttpKernel\Kernel->handle() /home/ubuntu/workspace/address-book/web/app_dev.php:29
[03-Sep-2017 19:36:49 UTC] PHP   3. Symfony\Component\HttpKernel\HttpKernel->handle() /home/ubuntu/workspace/address-book/vendor/symfony/symfony/src/Symfony/Component/HttpKernel/Kernel.php:171
[03-Sep-2017 19:36:49 UTC] PHP   4. Symfony\Component\HttpKernel\HttpKernel->handleRaw() /home/ubuntu/workspace/address-book/var/cache/dev/classes.php:4408
[03-Sep-2017 19:36:49 UTC] PHP   5. call_user_func_array:{/home/ubuntu/workspace/address-book/var/cache/dev/classes.php:4453}() /home/ubuntu/workspace/address-book/var/cache/dev/classes.php:4453
[03-Sep-2017 19:36:49 UTC] PHP   6. AppBundle\Controller\DefaultController->indexAction() /home/ubuntu/workspace/address-book/var/cache/dev/classes.php:4453
[03-Sep-2017 19:37:43 UTC] PHP Fatal error:  Call to undefined method Symfony\Component\HttpFoundation\Session\Session::getFlashbang() in /home/ubuntu/workspace/address-book/src/AppBundle/Controller/DefaultController.php on line 18
[03-Sep-2017 19:37:43 UTC] PHP Stack trace:
[03-Sep-2017 19:37:43 UTC] PHP   1. {main}() /home/ubuntu/workspace/address-book/web/app_dev.php:0
[03-Sep-2017 19:37:43 UTC] PHP   2. Symfony\Component\HttpKernel\Kernel->handle() /home/ubuntu/workspace/address-book/web/app_dev.php:29
[03-Sep-2017 19:37:43 UTC] PHP   3. Symfony\Component\HttpKernel\HttpKernel->handle() /home/ubuntu/workspace/address-book/vendor/symfony/symfony/src/Symfony/Component/HttpKernel/Kernel.php:171
[03-Sep-2017 19:37:43 UTC] PHP   4. Symfony\Component\HttpKernel\HttpKernel->handleRaw() /home/ubuntu/workspace/address-book/var/cache/dev/classes.php:4408
[03-Sep-2017 19:37:43 UTC] PHP   5. call_user_func_array:{/home/ubuntu/workspace/address-book/var/cache/dev/classes.php:4453}() /home/ubuntu/workspace/address-book/var/cache/dev/classes.php:4453
[03-Sep-2017 19:37:43 UTC] PHP   6. AppBundle\Controller\DefaultController->indexAction() /home/ubuntu/workspace/address-book/var/cache/dev/classes.php:4453
[03-Sep-2017 19:39:04 UTC] PHP Fatal error:  Call to undefined method Symfony\Component\HttpFoundation\Session\Session::getFlashbang() in /home/ubuntu/workspace/address-book/src/AppBundle/Controller/DefaultController.php on line 18
[03-Sep-2017 19:39:04 UTC] PHP Stack trace:
[03-Sep-2017 19:39:04 UTC] PHP   1. {main}() /home/ubuntu/workspace/address-book/web/app_dev.php:0
[03-Sep-2017 19:39:04 UTC] PHP   2. Symfony\Component\HttpKernel\Kernel->handle() /home/ubuntu/workspace/address-book/web/app_dev.php:29
[03-Sep-2017 19:39:04 UTC] PHP   3. Symfony\Component\HttpKernel\HttpKernel->handle() /home/ubuntu/workspace/address-book/vendor/symfony/symfony/src/Symfony/Component/HttpKernel/Kernel.php:171
[03-Sep-2017 19:39:04 UTC] PHP   4. Symfony\Component\HttpKernel\HttpKernel->handleRaw() /home/ubuntu/workspace/address-book/var/cache/dev/classes.php:4408
[03-Sep-2017 19:39:04 UTC] PHP   5. call_user_func_array:{/home/ubuntu/workspace/address-book/var/cache/dev/classes.php:4453}() /home/ubuntu/workspace/address-book/var/cache/dev/classes.php:4453
[03-Sep-2017 19:39:04 UTC] PHP   6. AppBundle\Controller\DefaultController->indexAction() /home/ubuntu/workspace/address-book/var/cache/dev/classes.php:4453
[03-Sep-2017 19:39:07 UTC] PHP Fatal error:  Call to undefined method Symfony\Component\HttpFoundation\Session\Session::getFlashbang() in /home/ubuntu/workspace/address-book/src/AppBundle/Controller/DefaultController.php on line 18
[03-Sep-2017 19:39:07 UTC] PHP Stack trace:
[03-Sep-2017 19:39:07 UTC] PHP   1. {main}() /home/ubuntu/workspace/address-book/web/app_dev.php:0
[03-Sep-2017 19:39:07 UTC] PHP   2. Symfony\Component\HttpKernel\Kernel->handle() /home/ubuntu/workspace/address-book/web/app_dev.php:29
[03-Sep-2017 19:39:07 UTC] PHP   3. Symfony\Component\HttpKernel\HttpKernel->handle() /home/ubuntu/workspace/address-book/vendor/symfony/symfony/src/Symfony/Component/HttpKernel/Kernel.php:171
[03-Sep-2017 19:39:07 UTC] PHP   4. Symfony\Component\HttpKernel\HttpKernel->handleRaw() /home/ubuntu/workspace/address-book/var/cache/dev/classes.php:4408
[03-Sep-2017 19:39:07 UTC] PHP   5. call_user_func_array:{/home/ubuntu/workspace/address-book/var/cache/dev/classes.php:4453}() /home/ubuntu/workspace/address-book/var/cache/dev/classes.php:4453
[03-Sep-2017 19:39:07 UTC] PHP   6. AppBundle\Controller\DefaultController->indexAction() /home/ubuntu/workspace/address-book/var/cache/dev/classes.php:4453
[03-Sep-2017 21:17:12 UTC] PHP Fatal error:  Class 'AppBundle\Controller\Contact' not found in /home/ubuntu/workspace/address-book/src/AppBundle/Controller/DefaultController.php on line 29
[03-Sep-2017 21:17:12 UTC] PHP Stack trace:
[03-Sep-2017 21:17:12 UTC] PHP   1. {main}() /home/ubuntu/workspace/address-book/web/app_dev.php:0
[03-Sep-2017 21:17:12 UTC] PHP   2. Symfony\Component\HttpKernel\Kernel->handle() /home/ubuntu/workspace/address-book/web/app_dev.php:29
[03-Sep-2017 21:17:12 UTC] PHP   3. Symfony\Component\HttpKernel\HttpKernel->handle() /home/ubuntu/workspace/address-book/vendor/symfony/symfony/src/Symfony/Component/HttpKernel/Kernel.php:171
[03-Sep-2017 21:17:12 UTC] PHP   4. Symfony\Component\HttpKernel\HttpKernel->handleRaw() /home/ubuntu/workspace/address-book/var/cache/dev/classes.php:4408
[03-Sep-2017 21:17:12 UTC] PHP   5. call_user_func_array:{/home/ubuntu/workspace/address-book/var/cache/dev/classes.php:4453}() /home/ubuntu/workspace/address-book/var/cache/dev/classes.php:4453
[03-Sep-2017 21:17:12 UTC] PHP   6. AppBundle\Controller\DefaultController->indexAction() /home/ubuntu/workspace/address-book/var/cache/dev/classes.php:4453
[03-Sep-2017 21:17:30 UTC] PHP Fatal error:  Class 'AppBundle\Controller\Contact' not found in /home/ubuntu/workspace/address-book/src/AppBundle/Controller/DefaultController.php on line 29
[03-Sep-2017 21:17:30 UTC] PHP Stack trace:
[03-Sep-2017 21:17:30 UTC] PHP   1. {main}() /home/ubuntu/workspace/address-book/web/app_dev.php:0
[03-Sep-2017 21:17:30 UTC] PHP   2. Symfony\Component\HttpKernel\Kernel->handle() /home/ubuntu/workspace/address-book/web/app_dev.php:29
[03-Sep-2017 21:17:30 UTC] PHP   3. Symfony\Component\HttpKernel\HttpKernel->handle() /home/ubuntu/workspace/address-book/vendor/symfony/symfony/src/Symfony/Component/HttpKernel/Kernel.php:171
[03-Sep-2017 21:17:30 UTC] PHP   4. Symfony\Component\HttpKernel\HttpKernel->handleRaw() /home/ubuntu/workspace/address-book/var/cache/dev/classes.php:4408
[03-Sep-2017 21:17:30 UTC] PHP   5. call_user_func_array:{/home/ubuntu/workspace/address-book/var/cache/dev/classes.php:4453}() /home/ubuntu/workspace/address-book/var/cache/dev/classes.php:4453
[03-Sep-2017 21:17:30 UTC] PHP   6. AppBundle\Controller\DefaultController->indexAction() /home/ubuntu/workspace/address-book/var/cache/dev/classes.php:4453
[03-Sep-2017 21:18:32 UTC] PHP Fatal error:  Class 'AppBundle\Controller\Contact' not found in /home/ubuntu/workspace/address-book/src/AppBundle/Controller/DefaultController.php on line 29
[03-Sep-2017 21:18:32 UTC] PHP Stack trace:
[03-Sep-2017 21:18:32 UTC] PHP   1. {main}() /home/ubuntu/workspace/address-book/web/app_dev.php:0
[03-Sep-2017 21:18:32 UTC] PHP   2. Symfony\Component\HttpKernel\Kernel->handle() /home/ubuntu/workspace/address-book/web/app_dev.php:29
[03-Sep-2017 21:18:32 UTC] PHP   3. Symfony\Component\HttpKernel\HttpKernel->handle() /home/ubuntu/workspace/address-book/vendor/symfony/symfony/src/Symfony/Component/HttpKernel/Kernel.php:171
[03-Sep-2017 21:18:32 UTC] PHP   4. Symfony\Component\HttpKernel\HttpKernel->handleRaw() /home/ubuntu/workspace/address-book/var/cache/dev/classes.php:4408
[03-Sep-2017 21:18:32 UTC] PHP   5. call_user_func_array:{/home/ubuntu/workspace/address-book/var/cache/dev/classes.php:4453}() /home/ubuntu/workspace/address-book/var/cache/dev/classes.php:4453
[03-Sep-2017 21:18:32 UTC] PHP   6. AppBundle\Controller\DefaultController->indexAction() /home/ubuntu/workspace/address-book/var/cache/dev/classes.php:4453
[03-Sep-2017 21:23:08 UTC] PHP Fatal error:  Class 'AppBundle\Form\NotBlank' not found in /home/ubuntu/workspace/address-book/src/AppBundle/Form/ContactFormType.php on line 20
[03-Sep-2017 21:23:08 UTC] PHP Stack trace:
[03-Sep-2017 21:23:08 UTC] PHP   1. {main}() /home/ubuntu/workspace/address-book/web/app_dev.php:0
[03-Sep-2017 21:23:08 UTC] PHP   2. Symfony\Component\HttpKernel\Kernel->handle() /home/ubuntu/workspace/address-book/web/app_dev.php:29
[03-Sep-2017 21:23:08 UTC] PHP   3. Symfony\Component\HttpKernel\HttpKernel->handle() /home/ubuntu/workspace/address-book/vendor/symfony/symfony/src/Symfony/Component/HttpKernel/Kernel.php:171
[03-Sep-2017 21:23:08 UTC] PHP   4. Symfony\Component\HttpKernel\HttpKernel->handleRaw() /home/ubuntu/workspace/address-book/var/cache/dev/classes.php:4408
[03-Sep-2017 21:23:08 UTC] PHP   5. call_user_func_array:{/home/ubuntu/workspace/address-book/var/cache/dev/classes.php:4453}() /home/ubuntu/workspace/address-book/var/cache/dev/classes.php:4453
[03-Sep-2017 21:23:08 UTC] PHP   6. AppBundle\Controller\DefaultController->indexAction() /home/ubuntu/workspace/address-book/var/cache/dev/classes.php:4453
[03-Sep-2017 21:23:08 UTC] PHP   7. Symfony\Bundle\FrameworkBundle\Controller\Controller->createForm() /home/ubuntu/workspace/address-book/src/AppBundle/Controller/DefaultController.php:34
[03-Sep-2017 21:23:08 UTC] PHP   8. Symfony\Component\Form\FormFactory->create() /home/ubuntu/workspace/address-book/vendor/symfony/symfony/src/Symfony/Bundle/FrameworkBundle/Controller/ControllerTrait.php:331
[03-Sep-2017 21:23:08 UTC] PHP   9. Symfony\Component\Form\FormFactory->createBuilder() /home/ubuntu/workspace/address-book/vendor/symfony/symfony/src/Symfony/Component/Form/FormFactory.php:30
[03-Sep-2017 21:23:08 UTC] PHP  10. Symfony\Component\Form\FormFactory->createNamedBuilder() /home/ubuntu/workspace/address-book/vendor/symfony/symfony/src/Symfony/Component/Form/FormFactory.php:58
[03-Sep-2017 21:23:08 UTC] PHP  11. Symfony\Component\Form\Extension\DataCollector\Proxy\ResolvedTypeDataCollectorProxy->buildForm() /home/ubuntu/workspace/address-book/vendor/symfony/symfony/src/Symfony/Component/Form/FormFactory.php:80
[03-Sep-2017 21:23:08 UTC] PHP  12. Symfony\Component\Form\ResolvedFormType->buildForm() /home/ubuntu/workspace/address-book/vendor/symfony/symfony/src/Symfony/Component/Form/Extension/DataCollector/Proxy/ResolvedTypeDataCollectorProxy.php:102
[03-Sep-2017 21:23:08 UTC] PHP  13. AppBundle\Form\ContactFormType->buildForm() /home/ubuntu/workspace/address-book/vendor/symfony/symfony/src/Symfony/Component/Form/ResolvedFormType.php:126
[03-Sep-2017 22:31:57 UTC] PHP Fatal error:  Call to a member function get() on a non-object in /home/ubuntu/workspace/address-book/src/AppBundle/Controller/DefaultController.php on line 17
[03-Sep-2017 22:31:57 UTC] PHP Stack trace:
[03-Sep-2017 22:31:57 UTC] PHP   1. {main}() /home/ubuntu/workspace/address-book/web/app_dev.php:0
[03-Sep-2017 22:31:57 UTC] PHP   2. Symfony\Component\HttpKernel\Kernel->handle() /home/ubuntu/workspace/address-book/web/app_dev.php:29
[03-Sep-2017 22:31:57 UTC] PHP   3. Symfony\Component\HttpKernel\HttpKernel->handle() /home/ubuntu/workspace/address-book/vendor/symfony/symfony/src/Symfony/Component/HttpKernel/Kernel.php:171
[03-Sep-2017 22:31:57 UTC] PHP   4. Symfony\Component\HttpKernel\HttpKernel->handleRaw() /home/ubuntu/workspace/address-book/var/cache/dev/classes.php:4408
[03-Sep-2017 22:31:57 UTC] PHP   5. Symfony\Component\HttpKernel\Controller\TraceableControllerResolver->getController() /home/ubuntu/workspace/address-book/var/cache/dev/classes.php:4442
[03-Sep-2017 22:31:57 UTC] PHP   6. Symfony\Component\HttpKernel\Controller\ControllerResolver->getController() /home/ubuntu/workspace/address-book/vendor/symfony/symfony/src/Symfony/Component/HttpKernel/Controller/TraceableControllerResolver.php:58
[03-Sep-2017 22:31:57 UTC] PHP   7. Symfony\Bundle\FrameworkBundle\Controller\ControllerResolver->createController() /home/ubuntu/workspace/address-book/var/cache/dev/classes.php:3933
[03-Sep-2017 22:31:57 UTC] PHP   8. Symfony\Component\HttpKernel\Controller\ContainerControllerResolver->createController() /home/ubuntu/workspace/address-book/var/cache/dev/classes.php:4714
[03-Sep-2017 22:31:57 UTC] PHP   9. Symfony\Component\HttpKernel\Controller\ControllerResolver->createController() /home/ubuntu/workspace/address-book/var/cache/dev/classes.php:4675
[03-Sep-2017 22:31:57 UTC] PHP  10. Symfony\Bundle\FrameworkBundle\Controller\ControllerResolver->instantiateController() /home/ubuntu/workspace/address-book/var/cache/dev/classes.php:3992
[03-Sep-2017 22:31:57 UTC] PHP  11. Symfony\Component\HttpKernel\Controller\ContainerControllerResolver->instantiateController() /home/ubuntu/workspace/address-book/var/cache/dev/classes.php:4727
[03-Sep-2017 22:31:57 UTC] PHP  12. Symfony\Component\DependencyInjection\Container->get() /home/ubuntu/workspace/address-book/var/cache/dev/classes.php:4689
[03-Sep-2017 22:31:57 UTC] PHP  13. appDevDebugProjectContainer->getAppBundle_Controller_DefaultControllerService() /home/ubuntu/workspace/address-book/var/cache/dev/classes.php:3237
[03-Sep-2017 22:31:57 UTC] PHP  14. AppBundle\Controller\DefaultController->__construct() /home/ubuntu/workspace/address-book/var/cache/dev/appDevDebugProjectContainer.php:444
[03-Sep-2017 23:00:05 UTC] PHP Fatal error:  Cannot redeclare AppBundle\Controller\DefaultController::editAction() in /home/ubuntu/workspace/address-book/src/AppBundle/Controller/DefaultController.php on line 85
[03-Sep-2017 23:00:05 UTC] PHP Stack trace:
[03-Sep-2017 23:00:05 UTC] PHP   1. {main}() /home/ubuntu/workspace/address-book/web/app_dev.php:0
[03-Sep-2017 23:00:05 UTC] PHP   2. Symfony\Component\HttpKernel\Kernel->handle() /home/ubuntu/workspace/address-book/web/app_dev.php:29
[03-Sep-2017 23:00:05 UTC] PHP   3. Symfony\Component\HttpKernel\Kernel->boot() /home/ubuntu/workspace/address-book/vendor/symfony/symfony/src/Symfony/Component/HttpKernel/Kernel.php:168
[03-Sep-2017 23:00:05 UTC] PHP   4. Symfony\Component\HttpKernel\Kernel->initializeContainer() /home/ubuntu/workspace/address-book/vendor/symfony/symfony/src/Symfony/Component/HttpKernel/Kernel.php:119
[03-Sep-2017 23:00:05 UTC] PHP   5. Symfony\Component\Config\ConfigCache->isFresh() /home/ubuntu/workspace/address-book/vendor/symfony/symfony/src/Symfony/Component/HttpKernel/Kernel.php:540
[03-Sep-2017 23:00:05 UTC] PHP   6. Symfony\Component\Config\ResourceCheckerConfigCache->isFresh() /home/ubuntu/workspace/address-book/var/cache/dev/classes.php:2980
[03-Sep-2017 23:00:05 UTC] PHP   7. Symfony\Component\Config\Resource\SelfCheckingResourceChecker->isFresh() /home/ubuntu/workspace/address-book/var/cache/dev/classes.php:2930
[03-Sep-2017 23:00:05 UTC] PHP   8. Symfony\Component\Config\Resource\ReflectionClassResource->isFresh() /home/ubuntu/workspace/address-book/vendor/symfony/symfony/src/Symfony/Component/Config/Resource/SelfCheckingResourceChecker.php:34
[03-Sep-2017 23:00:05 UTC] PHP   9. Symfony\Component\Config\Resource\ReflectionClassResource->computeHash() /home/ubuntu/workspace/address-book/vendor/symfony/symfony/src/Symfony/Component/Config/Resource/ReflectionClassResource.php:45
[03-Sep-2017 23:00:05 UTC] PHP  10. ReflectionClass->__construct() /home/ubuntu/workspace/address-book/vendor/symfony/symfony/src/Symfony/Component/Config/Resource/ReflectionClassResource.php:100
[03-Sep-2017 23:00:05 UTC] PHP  11. spl_autoload_call() /home/ubuntu/workspace/address-book/vendor/symfony/symfony/src/Symfony/Component/Config/Resource/ReflectionClassResource.php:100
[03-Sep-2017 23:00:05 UTC] PHP  12. Symfony\Component\Debug\DebugClassLoader->loadClass() /home/ubuntu/workspace/address-book/vendor/symfony/symfony/src/Symfony/Component/Config/Resource/ReflectionClassResource.php:100
